<?xml version="1.0" encoding="UTF-8"?>
<coverage generated="1599833112209" clover="3.2.0">
  <project timestamp="1599833112209" name="All files">
    <metrics statements="4" coveredstatements="4" conditionals="2" coveredconditionals="2" methods="3" coveredmethods="3" elements="9" coveredelements="9" complexity="0" loc="4" ncloc="4" packages="1" files="1" classes="1"/>
    <file name="component.vue" path="/home/thefoot/Work/opensource/thefoot/vue-component-template/src/component.vue">
      <metrics statements="4" coveredstatements="4" conditionals="2" coveredconditionals="2" methods="3" coveredmethods="3"/>
      <line num="26" count="4" type="stmt"/>
      <line num="33" count="5" type="stmt"/>
      <line num="34" count="5" type="cond" truecount="2" falsecount="0"/>
      <line num="46" count="1" type="stmt"/>
    </file>
  </project>
</coverage>
