{
    "/home/thefoot/Work/opensource/thefoot/vue-component-template/src/component.vue": {
        "path"        : "/home/thefoot/Work/opensource/thefoot/vue-component-template/src/component.vue",
        "statementMap": {
            "0": {
                "start": {
                    "line"  : 26,
                    "column": 0
                },
                "end"  : {
                    "line"  : 26,
                    "column": null
                }
            },
            "1": {
                "start": {
                    "line"  : 33,
                    "column": 0
                },
                "end"  : {
                    "line"  : 33,
                    "column": null
                }
            },
            "2": {
                "start": {
                    "line"  : 34,
                    "column": 0
                },
                "end"  : {
                    "line"  : 34,
                    "column": null
                }
            },
            "3": {
                "start": {
                    "line"  : 46,
                    "column": 0
                },
                "end"  : {
                    "line"  : 46,
                    "column": null
                }
            }
        },
        "fnMap"       : {
            "0": {
                "name": "data",
                "decl": {
                    "start": {
                        "line"  : 25,
                        "column": 0
                    },
                    "end"  : {
                        "line"  : 25,
                        "column": null
                    }
                },
                "loc" : {
                    "start": {
                        "line"  : 25,
                        "column": 0
                    },
                    "end"  : {
                        "line"  : 29,
                        "column": null
                    }
                }
            },
            "1": {
                "name": "display",
                "decl": {
                    "start": {
                        "line"  : 32,
                        "column": 0
                    },
                    "end"  : {
                        "line"  : 32,
                        "column": null
                    }
                },
                "loc" : {
                    "start": {
                        "line"  : 32,
                        "column": 0
                    },
                    "end"  : {
                        "line"  : 40,
                        "column": null
                    }
                }
            },
            "2": {
                "name": "reverse",
                "decl": {
                    "start": {
                        "line"  : 45,
                        "column": 0
                    },
                    "end"  : {
                        "line"  : 45,
                        "column": null
                    }
                },
                "loc" : {
                    "start": {
                        "line"  : 45,
                        "column": 0
                    },
                    "end"  : {
                        "line"  : 47,
                        "column": null
                    }
                }
            }
        },
        "branchMap"   : {
            "0": {
                "loc"      : {
                    "start": {
                        "line"  : 34,
                        "column": 0
                    },
                    "end"  : {
                        "line"  : 34,
                        "column": null
                    }
                },
                "type"     : "cond-expr",
                "locations": [
                    {
                        "start": {
                            "line"  : 34,
                            "column": 0
                        },
                        "end"  : {
                            "line"  : 34,
                            "column": null
                        }
                    },
                    {
                        "start": {
                            "line"  : 34,
                            "column": 0
                        },
                        "end"  : {
                            "line"  : 34,
                            "column": null
                        }
                    }
                ]
            }
        },
        "s"           : {
            "0": 4,
            "1": 5,
            "2": 5,
            "3": 1
        },
        "f"           : {
            "0": 4,
            "1": 5,
            "2": 1
        },
        "b"           : {
            "0": [
                1,
                4
            ]
        }
    }
}
