{"total": {"lines":{"total":105,"covered":29,"skipped":0,"pct":27.62},"statements":{"total":111,"covered":29,"skipped":0,"pct":26.13},"functions":{"total":43,"covered":15,"skipped":0,"pct":34.88},"branches":{"total":38,"covered":6,"skipped":0,"pct":15.79}}
,"/home/thefoot/Work/opensource/thefoot/vue-layout-designer/src/component.vue": {"lines":{"total":8,"covered":8,"skipped":0,"pct":100},"functions":{"total":0,"covered":0,"skipped":0,"pct":100},"statements":{"total":8,"covered":8,"skipped":0,"pct":100},"branches":{"total":0,"covered":0,"skipped":0,"pct":100}}
,"/home/thefoot/Work/opensource/thefoot/vue-layout-designer/src/demo/app.js": {"lines":{"total":3,"covered":0,"skipped":0,"pct":0},"functions":{"total":1,"covered":0,"skipped":0,"pct":0},"statements":{"total":3,"covered":0,"skipped":0,"pct":0},"branches":{"total":0,"covered":0,"skipped":0,"pct":100}}
,"/home/thefoot/Work/opensource/thefoot/vue-layout-designer/src/demo/app.vue": {"lines":{"total":14,"covered":0,"skipped":0,"pct":0},"functions":{"total":3,"covered":0,"skipped":0,"pct":0},"statements":{"total":14,"covered":0,"skipped":0,"pct":0},"branches":{"total":5,"covered":0,"skipped":0,"pct":0}}
,"/home/thefoot/Work/opensource/thefoot/vue-layout-designer/src/mixins/component.mixin.js": {"lines":{"total":78,"covered":19,"skipped":0,"pct":24.36},"functions":{"total":36,"covered":12,"skipped":0,"pct":33.33},"statements":{"total":84,"covered":19,"skipped":0,"pct":22.62},"branches":{"total":33,"covered":6,"skipped":0,"pct":18.18}}
,"/home/thefoot/Work/opensource/thefoot/vue-layout-designer/src/mixins/props.mixin.js": {"lines":{"total":2,"covered":2,"skipped":0,"pct":100},"functions":{"total":3,"covered":3,"skipped":0,"pct":100},"statements":{"total":2,"covered":2,"skipped":0,"pct":100},"branches":{"total":0,"covered":0,"skipped":0,"pct":100}}
}
