{"total": {"lines":{"total":119,"covered":30,"skipped":0,"pct":25.21},"statements":{"total":127,"covered":30,"skipped":0,"pct":23.62},"functions":{"total":42,"covered":15,"skipped":0,"pct":35.71},"branches":{"total":40,"covered":6,"skipped":0,"pct":15}}
,"/home/thefoot/Work/opensource/thefoot/vue-grid-designer/src/component.vue": {"lines":{"total":8,"covered":8,"skipped":0,"pct":100},"functions":{"total":0,"covered":0,"skipped":0,"pct":100},"statements":{"total":8,"covered":8,"skipped":0,"pct":100},"branches":{"total":0,"covered":0,"skipped":0,"pct":100}}
,"/home/thefoot/Work/opensource/thefoot/vue-grid-designer/src/mixins/component.mixin.js": {"lines":{"total":109,"covered":20,"skipped":0,"pct":18.35},"functions":{"total":39,"covered":12,"skipped":0,"pct":30.77},"statements":{"total":117,"covered":20,"skipped":0,"pct":17.09},"branches":{"total":40,"covered":6,"skipped":0,"pct":15}}
,"/home/thefoot/Work/opensource/thefoot/vue-grid-designer/src/mixins/props.mixin.js": {"lines":{"total":2,"covered":2,"skipped":0,"pct":100},"functions":{"total":3,"covered":3,"skipped":0,"pct":100},"statements":{"total":2,"covered":2,"skipped":0,"pct":100},"branches":{"total":0,"covered":0,"skipped":0,"pct":100}}
}
