TN:
SF:src/component.vue
FNF:0
FNH:0
DA:129,1
DA:130,1
DA:131,1
DA:132,1
DA:137,1
DA:139,1
DA:140,1
DA:141,1
LF:8
LH:8
BRF:0
BRH:0
end_of_record
TN:
SF:src/mixins/component.mixin.js
FN:12,(anonymous_0)
FN:29,(anonymous_1)
FN:57,(anonymous_2)
FN:58,(anonymous_3)
FN:60,(anonymous_4)
FN:76,(anonymous_5)
FN:83,(anonymous_6)
FN:89,(anonymous_7)
FN:112,(anonymous_8)
FN:122,(anonymous_9)
FN:128,(anonymous_10)
FN:136,(anonymous_11)
FN:141,(anonymous_12)
FN:152,(anonymous_13)
FN:163,(anonymous_14)
FN:172,(anonymous_15)
FN:187,(anonymous_16)
FN:191,(anonymous_17)
FN:205,(anonymous_18)
FN:209,(anonymous_19)
FN:213,(anonymous_20)
FN:215,(anonymous_21)
FN:229,(anonymous_22)
FN:240,(anonymous_23)
FN:256,(anonymous_24)
FN:269,(anonymous_25)
FN:284,(anonymous_26)
FN:300,(anonymous_27)
FN:316,(anonymous_28)
FN:318,(anonymous_29)
FN:329,(anonymous_30)
FN:348,(anonymous_31)
FN:352,(anonymous_32)
FN:364,(anonymous_33)
FN:379,(anonymous_34)
FN:395,(anonymous_35)
FN:413,(anonymous_36)
FN:419,(anonymous_37)
FN:437,(anonymous_38)
FNF:39
FNH:12
FNDA:1,(anonymous_0)
FNDA:1,(anonymous_1)
FNDA:1,(anonymous_2)
FNDA:1,(anonymous_3)
FNDA:2,(anonymous_4)
FNDA:0,(anonymous_5)
FNDA:0,(anonymous_6)
FNDA:0,(anonymous_7)
FNDA:0,(anonymous_8)
FNDA:0,(anonymous_9)
FNDA:0,(anonymous_10)
FNDA:1,(anonymous_11)
FNDA:0,(anonymous_12)
FNDA:0,(anonymous_13)
FNDA:0,(anonymous_14)
FNDA:0,(anonymous_15)
FNDA:0,(anonymous_16)
FNDA:0,(anonymous_17)
FNDA:0,(anonymous_18)
FNDA:0,(anonymous_19)
FNDA:0,(anonymous_20)
FNDA:0,(anonymous_21)
FNDA:1,(anonymous_22)
FNDA:1,(anonymous_23)
FNDA:2,(anonymous_24)
FNDA:4,(anonymous_25)
FNDA:0,(anonymous_26)
FNDA:0,(anonymous_27)
FNDA:0,(anonymous_28)
FNDA:0,(anonymous_29)
FNDA:0,(anonymous_30)
FNDA:0,(anonymous_31)
FNDA:0,(anonymous_32)
FNDA:0,(anonymous_33)
FNDA:0,(anonymous_34)
FNDA:1,(anonymous_35)
FNDA:0,(anonymous_36)
FNDA:0,(anonymous_37)
FNDA:1,(anonymous_38)
DA:13,1
DA:31,1
DA:58,1
DA:59,1
DA:61,2
DA:77,0
DA:78,0
DA:84,0
DA:87,0
DA:89,0
DA:91,0
DA:92,0
DA:93,0
DA:96,0
DA:114,0
DA:120,0
DA:121,0
DA:122,0
DA:126,0
DA:127,0
DA:128,0
DA:131,0
DA:137,1
DA:143,0
DA:144,0
DA:146,0
DA:147,0
DA:154,0
DA:155,0
DA:157,0
DA:158,0
DA:166,0
DA:167,0
DA:171,0
DA:172,0
DA:175,0
DA:176,0
DA:179,0
DA:181,0
DA:182,0
DA:190,0
DA:191,0
DA:193,0
DA:194,0
DA:197,0
DA:200,0
DA:208,0
DA:209,0
DA:212,0
DA:213,0
DA:214,0
DA:215,0
DA:218,0
DA:221,0
DA:223,0
DA:224,0
DA:231,1
DA:232,1
DA:235,1
DA:243,1
DA:244,1
DA:245,0
DA:248,1
DA:258,2
DA:271,4
DA:272,0
DA:275,4
DA:277,4
DA:286,0
DA:287,0
DA:290,0
DA:292,0
DA:294,0
DA:295,0
DA:302,0
DA:303,0
DA:306,0
DA:308,0
DA:310,0
DA:311,0
DA:318,0
DA:319,0
DA:321,0
DA:323,0
DA:324,0
DA:331,0
DA:337,0
DA:340,0
DA:342,0
DA:343,0
DA:351,0
DA:352,0
DA:357,0
DA:358,0
DA:359,0
DA:366,0
DA:376,0
DA:379,0
DA:381,0
DA:384,0
DA:386,0
DA:387,0
DA:398,1
DA:400,1
DA:413,0
DA:415,0
DA:420,0
DA:433,1
DA:440,1
LF:109
LH:20
BRDA:40,0,0,1
BRDA:40,0,1,0
BRDA:77,1,0,0
BRDA:77,1,1,0
BRDA:84,2,0,0
BRDA:84,2,1,0
BRDA:92,3,0,0
BRDA:92,3,1,0
BRDA:112,4,0,0
BRDA:120,5,0,0
BRDA:120,5,1,0
BRDA:126,6,0,0
BRDA:126,6,1,0
BRDA:126,7,0,0
BRDA:126,7,1,0
BRDA:166,8,0,0
BRDA:166,8,1,0
BRDA:244,9,0,0
BRDA:244,9,1,1
BRDA:262,10,0,2
BRDA:262,10,1,0
BRDA:271,11,0,0
BRDA:271,11,1,4
BRDA:284,12,0,0
BRDA:286,13,0,0
BRDA:286,13,1,0
BRDA:300,14,0,0
BRDA:302,15,0,0
BRDA:302,15,1,0
BRDA:329,16,0,0
BRDA:398,17,0,1
BRDA:398,17,1,0
BRDA:398,18,0,1
BRDA:398,18,1,0
BRDA:419,19,0,0
BRDA:419,19,1,0
BRDA:422,20,0,0
BRDA:422,20,1,0
BRDA:423,21,0,0
BRDA:423,21,1,0
BRF:40
BRH:6
end_of_record
TN:
SF:src/mixins/props.mixin.js
FN:13,(anonymous_0)
FN:20,(anonymous_1)
FN:96,(anonymous_2)
FNF:3
FNH:3
FNDA:1,(anonymous_0)
FNDA:1,(anonymous_1)
FNDA:1,(anonymous_2)
DA:13,1
DA:20,1
LF:2
LH:2
BRF:0
BRH:0
end_of_record
