TN:
SF:src/component.vue
FNF:0
FNH:0
DA:129,3
DA:130,3
DA:131,3
DA:132,3
DA:137,3
DA:139,3
DA:140,3
DA:141,3
LF:8
LH:8
BRF:0
BRH:0
end_of_record
TN:
SF:src/mixins/component.mixin.js
FN:12,(anonymous_0)
FN:29,(anonymous_1)
FN:57,(anonymous_2)
FN:67,(anonymous_3)
FN:74,(anonymous_4)
FN:80,(anonymous_5)
FN:128,(anonymous_6)
FN:133,(anonymous_7)
FN:144,(anonymous_8)
FN:155,(anonymous_9)
FN:164,(anonymous_10)
FN:179,(anonymous_11)
FN:183,(anonymous_12)
FN:197,(anonymous_13)
FN:201,(anonymous_14)
FN:205,(anonymous_15)
FN:207,(anonymous_16)
FN:250,(anonymous_17)
FN:263,(anonymous_18)
FN:278,(anonymous_19)
FN:294,(anonymous_20)
FN:310,(anonymous_21)
FN:312,(anonymous_22)
FN:326,(anonymous_23)
FN:345,(anonymous_24)
FN:349,(anonymous_25)
FN:361,(anonymous_26)
FN:376,(anonymous_27)
FN:398,(anonymous_28)
FN:416,(anonymous_29)
FN:419,(anonymous_30)
FN:438,(anonymous_31)
FNF:32
FNH:22
FNDA:11,(anonymous_0)
FNDA:11,(anonymous_1)
FNDA:14,(anonymous_2)
FNDA:1,(anonymous_3)
FNDA:1,(anonymous_4)
FNDA:1,(anonymous_5)
FNDA:19,(anonymous_6)
FNDA:0,(anonymous_7)
FNDA:0,(anonymous_8)
FNDA:0,(anonymous_9)
FNDA:0,(anonymous_10)
FNDA:0,(anonymous_11)
FNDA:0,(anonymous_12)
FNDA:0,(anonymous_13)
FNDA:0,(anonymous_14)
FNDA:0,(anonymous_15)
FNDA:0,(anonymous_16)
FNDA:38,(anonymous_17)
FNDA:73,(anonymous_18)
FNDA:2,(anonymous_19)
FNDA:3,(anonymous_20)
FNDA:2,(anonymous_21)
FNDA:3,(anonymous_22)
FNDA:1,(anonymous_23)
FNDA:2,(anonymous_24)
FNDA:1,(anonymous_25)
FNDA:1,(anonymous_26)
FNDA:1,(anonymous_27)
FNDA:11,(anonymous_28)
FNDA:2,(anonymous_29)
FNDA:4,(anonymous_30)
FNDA:11,(anonymous_31)
DA:13,11
DA:31,11
DA:58,14
DA:68,1
DA:69,1
DA:75,1
DA:78,1
DA:80,1
DA:82,1
DA:83,1
DA:84,0
DA:87,1
DA:129,19
DA:135,0
DA:136,0
DA:138,0
DA:139,0
DA:146,0
DA:147,0
DA:149,0
DA:150,0
DA:158,0
DA:159,0
DA:163,0
DA:164,0
DA:167,0
DA:168,0
DA:171,0
DA:173,0
DA:174,0
DA:182,0
DA:183,0
DA:185,0
DA:186,0
DA:189,0
DA:192,0
DA:200,0
DA:201,0
DA:204,0
DA:205,0
DA:206,0
DA:207,0
DA:210,0
DA:213,0
DA:215,0
DA:216,0
DA:252,38
DA:265,73
DA:266,5
DA:269,68
DA:271,68
DA:280,2
DA:281,1
DA:284,1
DA:286,1
DA:288,1
DA:289,1
DA:296,3
DA:297,1
DA:300,2
DA:302,2
DA:304,2
DA:305,2
DA:312,3
DA:313,2
DA:314,1
DA:316,1
DA:318,1
DA:320,1
DA:321,1
DA:328,1
DA:334,1
DA:337,1
DA:339,1
DA:340,1
DA:348,2
DA:349,1
DA:354,2
DA:355,2
DA:356,2
DA:363,1
DA:373,1
DA:376,1
DA:378,1
DA:381,1
DA:383,1
DA:384,1
DA:401,11
DA:403,10
DA:416,1
DA:418,2
DA:419,2
DA:421,4
DA:422,4
DA:424,4
DA:428,2
DA:434,11
DA:441,11
LF:98
LH:64
BRDA:40,0,0,11
BRDA:40,0,1,0
BRDA:68,1,0,1
BRDA:68,1,1,0
BRDA:75,2,0,1
BRDA:75,2,1,0
BRDA:83,3,0,0
BRDA:83,3,1,1
BRDA:158,4,0,0
BRDA:158,4,1,0
BRDA:256,5,0,35
BRDA:256,5,1,3
BRDA:265,6,0,5
BRDA:265,6,1,68
BRDA:278,7,0,0
BRDA:280,8,0,1
BRDA:280,8,1,1
BRDA:294,9,0,0
BRDA:296,10,0,1
BRDA:296,10,1,2
BRDA:313,11,0,1
BRDA:313,11,1,1
BRDA:326,12,0,0
BRDA:401,13,0,10
BRDA:401,13,1,1
BRDA:401,14,0,11
BRDA:401,14,1,0
BRDA:419,15,0,2
BRDA:419,15,1,0
BRDA:422,16,0,4
BRDA:422,16,1,0
BRF:31
BRH:19
end_of_record
TN:
SF:src/mixins/props.mixin.js
FN:13,(anonymous_0)
FN:20,(anonymous_1)
FN:96,(anonymous_2)
FNF:3
FNH:3
FNDA:10,(anonymous_0)
FNDA:13,(anonymous_1)
FNDA:11,(anonymous_2)
DA:13,10
DA:20,13
LF:2
LH:2
BRF:0
BRH:0
end_of_record
